<?xml version="1.0" encoding="UTF-8"?>
<!-- Generated by org.testng.reporters.JUnitXMLReporter -->
<testsuite ignored="0" hostname="LAPTOP-BKF1645O" failures="1" tests="3" name="Test" time="16.947" errors="0" timestamp="2026-06-03T09:23:48 IST">
  <testcase classname="listeners.OrangeHRMTest" name="verifyOrangeHrmLogoTest" time="0.097"/>
  <testcase classname="listeners.OrangeHRMTest" name="verifyOrangeHrmUrlTest" time="0.033">
    <failure type="java.lang.AssertionError" message="expected [https://opensource-demo.orangehrmlive.com] but found [https://opensource-demo.orangehrmlive.com/web/index.php/auth/login]">
      <![CDATA[java.lang.AssertionError: expected [https://opensource-demo.orangehrmlive.com] but found [https://opensource-demo.orangehrmlive.com/web/index.php/auth/login]
at listeners.OrangeHRMTest.verifyOrangeHrmUrlTest(OrangeHRMTest.java:45)
at java.base/java.util.ArrayList.forEach(ArrayList.java:1511)
... Removed 33 stack frames]]>
    </failure>
  </testcase> <!-- verifyOrangeHrmUrlTest -->
  <testcase classname="listeners.OrangeHRMTest" name="verifyOrangeHrmLoginPageTtitleTest" time="0.0">
    <skipped/>
  </testcase> <!-- verifyOrangeHrmLoginPageTtitleTest -->
</testsuite> <!-- Test -->
