<?xml version="1.0" encoding="UTF-8"?>
<!-- Generated by org.testng.reporters.JUnitXMLReporter -->
<testsuite ignored="3" hostname="Vasant" failures="0" tests="3" name="Default test(failed)" time="0.187" errors="0" timestamp="2026-05-04T09:39:20 IST">
  <testcase classname="testng.AssertionINTestNG" name="test1" time="0.034"/>
  <testcase classname="testng.AssertionINTestNG" name="test3" time="0.002"/>
  <testcase classname="testng.AssertionINTestNG" name="test6" time="0.006"/>
  <testcase classname="testng.AssertionINTestNG" name="test5" time="0.0">
    <ignored/>
  </testcase> <!-- test5 -->
  <testcase classname="testng.AssertionINTestNG" name="test4" time="0.0">
    <ignored/>
  </testcase> <!-- test4 -->
  <testcase classname="testng.AssertionINTestNG" name="test2" time="0.0">
    <ignored/>
  </testcase> <!-- test2 -->
</testsuite> <!-- Default test(failed) -->
