<?xml version="1.0" encoding="UTF-8"?>
<!-- Generated by org.testng.reporters.JUnitXMLReporter -->
<testsuite ignored="0" hostname="Vasant" failures="0" tests="7" name="TestNG Annotations" time="0.371" errors="0" timestamp="2026-05-01T10:48:27 IST">
  <testcase classname="testng.TestDemo" name="test" time="0.015"/>
  <testcase classname="testng.TestNGAnnotations" name="test1" time="0.007"/>
  <testcase classname="testng.TestNGAnnotations" name="test2" time="0.028"/>
  <testcase classname="testng.DefaultTestNGTestExecution" name="login" time="0.005"/>
  <testcase classname="testng.DefaultTestNGTestExecution" name="logout" time="0.006"/>
  <testcase classname="testng.DefaultTestNGTestExecution" name="signup" time="0.012"/>
  <testcase classname="testng.DefaultTestNGTestExecution" name="updateProfile" time="0.003"/>
</testsuite> <!-- TestNG Annotations -->
