<?xml version="1.0" encoding="UTF-8"?>
<!-- Generated by org.testng.reporters.JUnitReportReporter -->
<testsuite hostname="Vasant" failures="0" tests="4" name="testng.DefaultTestNGTestExecution" time="0.026" errors="0" timestamp="2026-05-01T10:48:28 IST" skipped="0">
  <testcase classname="testng.DefaultTestNGTestExecution" name="login" time="0.005"/>
  <testcase classname="testng.DefaultTestNGTestExecution" name="logout" time="0.006"/>
  <testcase classname="testng.DefaultTestNGTestExecution" name="signup" time="0.012"/>
  <testcase classname="testng.DefaultTestNGTestExecution" name="updateProfile" time="0.003"/>
</testsuite> <!-- testng.DefaultTestNGTestExecution -->
