<?xml version="1.0" encoding="UTF-8"?>
<!-- Generated by org.testng.reporters.JUnitReportReporter -->
<testsuite hostname="Vasant" failures="0" tests="3" name="testng.AssertionINTestNG" time="0.042" errors="0" timestamp="2026-05-04T09:39:20 IST" skipped="0">
  <testcase classname="testng.AssertionINTestNG" name="test6" time="0.006"/>
  <testcase classname="testng.AssertionINTestNG" name="test1" time="0.034"/>
  <testcase classname="testng.AssertionINTestNG" name="test3" time="0.002"/>
</testsuite> <!-- testng.AssertionINTestNG -->
