<?xml version="1.0" encoding="UTF-8"?>
<!-- Generated by org.testng.reporters.JUnitReportReporter -->
<testsuite hostname="Vasant" failures="0" tests="4" name="testng.DependentTestINTestNG" time="0.079" errors="0" timestamp="2026-05-01T10:53:30 IST" skipped="0">
  <testcase classname="testng.DependentTestINTestNG" name="updateProfile" time="0.008"/>
  <testcase classname="testng.DependentTestINTestNG" name="signup" time="0.032"/>
  <testcase classname="testng.DependentTestINTestNG" name="login" time="0.007"/>
  <testcase classname="testng.DependentTestINTestNG" name="logout" time="0.032"/>
</testsuite> <!-- testng.DependentTestINTestNG -->
