<?xml version="1.0" encoding="UTF-8"?>
<!-- Generated by org.testng.reporters.JUnitReportReporter -->
<testsuite hostname="Vasant" failures="0" tests="3" name="testng.DisabledTestINTestNG" time="0.033" errors="0" timestamp="2026-05-02T16:53:00 IST" skipped="1">
  <testcase classname="testng.DisabledTestINTestNG" name="test1" time="0.021"/>
  <testcase classname="testng.DisabledTestINTestNG" name="test2" time="0.012"/>
  <testcase classname="testng.DisabledTestINTestNG" name="test3">
    <skipped/>
  </testcase> <!-- test3 -->
</testsuite> <!-- testng.DisabledTestINTestNG -->
