<?xml version="1.0" encoding="UTF-8"?>
<!-- Generated by org.testng.reporters.JUnitXMLReporter -->
<testsuite ignored="0" hostname="Vasant" failures="0" tests="6" name="Default test" time="0.328" errors="0" timestamp="2026-05-01T10:59:14 IST">
  <testcase classname="testng.PriortiseTestINTestNG" name="logout" time="0.046"/>
  <testcase classname="testng.PriortiseTestINTestNG" name="signup" time="0.005"/>
  <testcase classname="testng.PriortiseTestINTestNG" name="accountCreation" time="0.01"/>
  <testcase classname="testng.PriortiseTestINTestNG" name="changeProfilePicture" time="0.015"/>
  <testcase classname="testng.PriortiseTestINTestNG" name="login" time="0.004"/>
  <testcase classname="testng.PriortiseTestINTestNG" name="updateProfile" time="0.008"/>
</testsuite> <!-- Default test -->
