<?xml version="1.0" encoding="UTF-8"?>
<testng-results ignored="3" total="6" passed="3" failed="0" skipped="0">
  <reporter-output>
  </reporter-output>
  <suite started-at="2026-05-04T09:39:19 IST" name="Failed suite [Default suite]" finished-at="2026-05-04T09:39:20 IST" duration-ms="187">
    <groups>
    </groups>
    <test started-at="2026-05-04T09:39:19 IST" name="Default test(failed)" finished-at="2026-05-04T09:39:20 IST" duration-ms="187">
      <class name="testng.AssertionINTestNG">
        <test-method signature="test1()[pri:0, instance:testng.AssertionINTestNG@24aed80c]" started-at="2026-05-04T09:39:19 IST" name="test1" finished-at="2026-05-04T09:39:20 IST" duration-ms="34" status="PASS">
          <reporter-output>
          </reporter-output>
        </test-method> <!-- test1 -->
        <test-method signature="test3()[pri:0, instance:testng.AssertionINTestNG@24aed80c]" started-at="2026-05-04T09:39:20 IST" name="test3" finished-at="2026-05-04T09:39:20 IST" duration-ms="2" status="PASS">
          <reporter-output>
          </reporter-output>
        </test-method> <!-- test3 -->
        <test-method signature="test6()[pri:0, instance:testng.AssertionINTestNG@24aed80c]" started-at="2026-05-04T09:39:20 IST" name="test6" finished-at="2026-05-04T09:39:20 IST" duration-ms="6" status="PASS">
          <reporter-output>
          </reporter-output>
        </test-method> <!-- test6 -->
      </class> <!-- testng.AssertionINTestNG -->
    </test> <!-- Default test(failed) -->
  </suite> <!-- Failed suite [Default suite] -->
</testng-results>
