<?xml version="1.0" encoding="UTF-8"?>
<testng-results ignored="0" total="6" passed="6" failed="0" skipped="0">
  <reporter-output>
  </reporter-output>
  <suite started-at="2026-05-01T10:59:13 IST" name="Default suite" finished-at="2026-05-01T10:59:14 IST" duration-ms="328">
    <groups>
    </groups>
    <test started-at="2026-05-01T10:59:13 IST" name="Default test" finished-at="2026-05-01T10:59:14 IST" duration-ms="328">
      <class name="testng.PriortiseTestINTestNG">
        <test-method signature="logout()[pri:-2, instance:testng.PriortiseTestINTestNG@5dda768f]" started-at="2026-05-01T10:59:14 IST" name="logout" finished-at="2026-05-01T10:59:14 IST" duration-ms="46" status="PASS">
          <reporter-output>
          </reporter-output>
        </test-method> <!-- logout -->
        <test-method signature="signup()[pri:-1, instance:testng.PriortiseTestINTestNG@5dda768f]" started-at="2026-05-01T10:59:14 IST" name="signup" finished-at="2026-05-01T10:59:14 IST" duration-ms="5" status="PASS">
          <reporter-output>
          </reporter-output>
        </test-method> <!-- signup -->
        <test-method signature="accountCreation()[pri:0, instance:testng.PriortiseTestINTestNG@5dda768f]" started-at="2026-05-01T10:59:14 IST" name="accountCreation" finished-at="2026-05-01T10:59:14 IST" duration-ms="10" status="PASS">
          <reporter-output>
          </reporter-output>
        </test-method> <!-- accountCreation -->
        <test-method signature="changeProfilePicture()[pri:0, instance:testng.PriortiseTestINTestNG@5dda768f]" started-at="2026-05-01T10:59:14 IST" name="changeProfilePicture" finished-at="2026-05-01T10:59:14 IST" duration-ms="15" status="PASS">
          <reporter-output>
          </reporter-output>
        </test-method> <!-- changeProfilePicture -->
        <test-method signature="login()[pri:2, instance:testng.PriortiseTestINTestNG@5dda768f]" started-at="2026-05-01T10:59:14 IST" name="login" finished-at="2026-05-01T10:59:14 IST" duration-ms="4" status="PASS">
          <reporter-output>
          </reporter-output>
        </test-method> <!-- login -->
        <test-method signature="updateProfile()[pri:3, instance:testng.PriortiseTestINTestNG@5dda768f]" started-at="2026-05-01T10:59:14 IST" name="updateProfile" finished-at="2026-05-01T10:59:14 IST" duration-ms="8" status="PASS">
          <reporter-output>
          </reporter-output>
        </test-method> <!-- updateProfile -->
      </class> <!-- testng.PriortiseTestINTestNG -->
    </test> <!-- Default test -->
  </suite> <!-- Default suite -->
</testng-results>
